CRITICAL - 2023-02-13 13:24:35 --> Invalid file: "template/index/treatment.php"
in SYSTEMPATH\Exceptions\FrameworkException.php on line 33.
 1 SYSTEMPATH\View\View.php(201): CodeIgniter\Exceptions\FrameworkException::forInvalidFile('template/index/treatment.php')
 2 SYSTEMPATH\Common.php(1177): CodeIgniter\View\View->render('template/index/treatment', [], true)
 3 APPPATH\Controllers\Treatment.php(15): view('template/index/treatment')
 4 SYSTEMPATH\CodeIgniter.php(934): App\Controllers\Treatment->ch()
 5 SYSTEMPATH\CodeIgniter.php(499): CodeIgniter\CodeIgniter->runController(Object(App\Controllers\Treatment))
 6 SYSTEMPATH\CodeIgniter.php(368): CodeIgniter\CodeIgniter->handleRequest(null, Object(Config\Cache), false)
 7 FCPATH\index.php(67): CodeIgniter\CodeIgniter->run()
 8 SYSTEMPATH\Commands\Server\rewrite.php(47): require_once('FCPATH\\index.php')
CRITICAL - 2023-02-13 13:24:55 --> Invalid file: "template/footer/end.php"
in SYSTEMPATH\Exceptions\FrameworkException.php on line 33.
 1 SYSTEMPATH\View\View.php(201): CodeIgniter\Exceptions\FrameworkException::forInvalidFile('template/footer/end.php')
 2 SYSTEMPATH\Common.php(1177): CodeIgniter\View\View->render('template/footer/end', [], true)
 3 APPPATH\Controllers\Treatment.php(16): view('template/footer/end')
 4 SYSTEMPATH\CodeIgniter.php(934): App\Controllers\Treatment->ch()
 5 SYSTEMPATH\CodeIgniter.php(499): CodeIgniter\CodeIgniter->runController(Object(App\Controllers\Treatment))
 6 SYSTEMPATH\CodeIgniter.php(368): CodeIgniter\CodeIgniter->handleRequest(null, Object(Config\Cache), false)
 7 FCPATH\index.php(67): CodeIgniter\CodeIgniter->run()
 8 SYSTEMPATH\Commands\Server\rewrite.php(47): require_once('FCPATH\\index.php')
CRITICAL - 2023-02-13 18:10:20 --> Call to undefined function Routes()
in APPPATH\Views\template\pages\treatment\casais_homoafetivos.php on line 12.
 1 SYSTEMPATH\View\View.php(213): include()
 2 SYSTEMPATH\View\View.php(216): CodeIgniter\View\View->CodeIgniter\View\{closure}()
 3 SYSTEMPATH\Common.php(1177): CodeIgniter\View\View->render('template/pages/treatment/casais_homoafetivos', [], true)
 4 APPPATH\Controllers\Treatment.php(11): view('template/pages/treatment/casais_homoafetivos')
 5 SYSTEMPATH\CodeIgniter.php(934): App\Controllers\Treatment->ch()
 6 SYSTEMPATH\CodeIgniter.php(499): CodeIgniter\CodeIgniter->runController(Object(App\Controllers\Treatment))
 7 SYSTEMPATH\CodeIgniter.php(368): CodeIgniter\CodeIgniter->handleRequest(null, Object(Config\Cache), false)
 8 FCPATH\index.php(67): CodeIgniter\CodeIgniter->run()
 9 SYSTEMPATH\Commands\Server\rewrite.php(47): require_once('FCPATH\\index.php')
CRITICAL - 2023-02-13 18:26:35 --> Invalid file: "template/pages/banner/banner_consulta.php"
in SYSTEMPATH\Exceptions\FrameworkException.php on line 33.
 1 SYSTEMPATH\View\View.php(201): CodeIgniter\Exceptions\FrameworkException::forInvalidFile('template/pages/banner/banner_consulta.php')
 2 SYSTEMPATH\Common.php(1177): CodeIgniter\View\View->render('template/pages/banner/banner_consulta', [], true)
 3 APPPATH\Controllers\Clinic.php(10): view('template/pages/banner/banner_consulta')
 4 SYSTEMPATH\CodeIgniter.php(934): App\Controllers\Clinic->index()
 5 SYSTEMPATH\CodeIgniter.php(499): CodeIgniter\CodeIgniter->runController(Object(App\Controllers\Clinic))
 6 SYSTEMPATH\CodeIgniter.php(368): CodeIgniter\CodeIgniter->handleRequest(null, Object(Config\Cache), false)
 7 FCPATH\index.php(67): CodeIgniter\CodeIgniter->run()
 8 SYSTEMPATH\Commands\Server\rewrite.php(47): require_once('FCPATH\\index.php')
